# Logfile created on 2014-09-08 23:18:55 +0200 by logger.rb/44203
I, [2014-09-08T23:18:55.463074 #18236]  INFO -- : 3:  bundler (1.5.1) from /Users/kamelury/.rvm/gems/ruby-2.1.0@global/specifications/bundler-1.5.1.gemspec
I, [2014-09-08T23:18:56.797884 #18233]  INFO -- : 0:  tilt (1.4.1) from /Users/kamelury/.rvm/gems/ruby-2.1.0@gitarson-api/specifications/tilt-1.4.1.gemspec
I, [2014-09-08T23:18:57.047837 #18235]  INFO -- : 2:  rake (10.3.2) from /Users/kamelury/.rvm/gems/ruby-2.1.0@gitarson-api/specifications/rake-10.3.2.gemspec
I, [2014-09-08T23:18:57.182292 #18234]  INFO -- : 1:  rack (1.5.2) from /Users/kamelury/.rvm/gems/ruby-2.1.0@gitarson-api/specifications/rack-1.5.2.gemspec
I, [2014-09-08T23:18:58.334917 #18236]  INFO -- : 3:  rack-protection (1.5.3) from /Users/kamelury/.rvm/gems/ruby-2.1.0@gitarson-api/specifications/rack-protection-1.5.3.gemspec
I, [2014-09-08T23:19:01.655697 #18233]  INFO -- : 0:  sinatra (1.4.5) from /Users/kamelury/.rvm/gems/ruby-2.1.0@gitarson-api/specifications/sinatra-1.4.5.gemspec
I, [2014-09-08T23:30:36.252327 #22435]  INFO -- : 2:  rake (10.3.2) from /Users/kamelury/.rvm/gems/ruby-2.1.0@gitarson-api/specifications/rake-10.3.2.gemspec
I, [2014-09-08T23:30:37.617458 #22433]  INFO -- : 0:  coderay (1.1.0) from /Users/kamelury/.rvm/gems/ruby-2.1.0@gitarson-api/specifications/coderay-1.1.0.gemspec
I, [2014-09-08T23:30:37.693653 #22434]  INFO -- : 1:  addressable (2.3.6) from /Users/kamelury/.rvm/gems/ruby-2.1.0@gitarson-api/specifications/addressable-2.3.6.gemspec
I, [2014-09-08T23:30:37.862990 #22436]  INFO -- : 3:  backports (3.6.0) from /Users/kamelury/.rvm/gems/ruby-2.1.0@gitarson-api/specifications/backports-3.6.0.gemspec
I, [2014-09-08T23:30:38.691033 #22433]  INFO -- : 0:  multipart-post (2.0.0) from /Users/kamelury/.rvm/gems/ruby-2.1.0@gitarson-api/specifications/multipart-post-2.0.0.gemspec
I, [2014-09-08T23:30:38.839810 #22434]  INFO -- : 1:  multi_json (1.10.1) from /Users/kamelury/.rvm/gems/ruby-2.1.0@gitarson-api/specifications/multi_json-1.10.1.gemspec
I, [2014-09-08T23:30:39.078002 #22436]  INFO -- : 3:  net-http-persistent (2.9.4) from /Users/kamelury/.rvm/gems/ruby-2.1.0@gitarson-api/specifications/net-http-persistent-2.9.4.gemspec
I, [2014-09-08T23:30:39.078742 #22436]  INFO -- : 3:  json (1.8.1) from /Users/kamelury/.rvm/rubies/ruby-2.1.0/lib/ruby/gems/2.1.0/specifications/default/json-1.8.1.gemspec
I, [2014-09-08T23:30:39.768343 #22433]  INFO -- : 0:  net-http-pipeline (1.0.1) from /Users/kamelury/.rvm/gems/ruby-2.1.0@gitarson-api/specifications/net-http-pipeline-1.0.1.gemspec
I, [2014-09-08T23:30:40.182503 #22436]  INFO -- : 3:  method_source (0.8.2) from /Users/kamelury/.rvm/gems/ruby-2.1.0@gitarson-api/specifications/method_source-0.8.2.gemspec
I, [2014-09-08T23:30:40.465905 #22434]  INFO -- : 1:  highline (1.6.21) from /Users/kamelury/.rvm/gems/ruby-2.1.0@gitarson-api/specifications/highline-1.6.21.gemspec
I, [2014-09-08T23:30:40.466702 #22434]  INFO -- : 1:  rack (1.5.2) from /Users/kamelury/.rvm/gems/ruby-2.1.0@gitarson-api/specifications/rack-1.5.2.gemspec
I, [2014-09-08T23:30:40.467210 #22434]  INFO -- : 1:  tilt (1.4.1) from /Users/kamelury/.rvm/gems/ruby-2.1.0@gitarson-api/specifications/tilt-1.4.1.gemspec
I, [2014-09-08T23:30:40.467792 #22434]  INFO -- : 1:  bundler (1.5.1) from /Users/kamelury/.rvm/gems/ruby-2.1.0@global/specifications/bundler-1.5.1.gemspec
I, [2014-09-08T23:30:40.906899 #22433]  INFO -- : 0:  slop (3.6.0) from /Users/kamelury/.rvm/gems/ruby-2.1.0@gitarson-api/specifications/slop-3.6.0.gemspec
I, [2014-09-08T23:30:41.351804 #22436]  INFO -- : 3:  websocket (1.2.1) from /Users/kamelury/.rvm/gems/ruby-2.1.0@gitarson-api/specifications/websocket-1.2.1.gemspec
I, [2014-09-08T23:30:41.352662 #22436]  INFO -- : 3:  rack-protection (1.5.3) from /Users/kamelury/.rvm/gems/ruby-2.1.0@gitarson-api/specifications/rack-protection-1.5.3.gemspec
I, [2014-09-08T23:30:41.647120 #22434]  INFO -- : 1:  launchy (2.4.2) from /Users/kamelury/.rvm/gems/ruby-2.1.0@gitarson-api/specifications/launchy-2.4.2.gemspec
I, [2014-09-08T23:30:42.210767 #22433]  INFO -- : 0:  faraday (0.9.0) from /Users/kamelury/.rvm/gems/ruby-2.1.0@gitarson-api/specifications/faraday-0.9.0.gemspec
I, [2014-09-08T23:30:42.212215 #22433]  INFO -- : 0:  sinatra (1.4.5) from /Users/kamelury/.rvm/gems/ruby-2.1.0@gitarson-api/specifications/sinatra-1.4.5.gemspec
I, [2014-09-08T23:30:42.948621 #22435]  INFO -- : 2:  ffi (1.9.3) from /Users/kamelury/.rvm/gems/ruby-2.1.0@gitarson-api/specifications/ffi-1.9.3.gemspec
I, [2014-09-08T23:30:42.979793 #22436]  INFO -- : 3:  pry (0.9.12.6) from /Users/kamelury/.rvm/gems/ruby-2.1.0@gitarson-api/specifications/pry-0.9.12.6.gemspec
I, [2014-09-08T23:30:43.095819 #22434]  INFO -- : 1:  pusher-client (0.6.0) from /Users/kamelury/.rvm/gems/ruby-2.1.0@gitarson-api/specifications/pusher-client-0.6.0.gemspec
I, [2014-09-08T23:30:43.363187 #22433]  INFO -- : 0:  faraday_middleware (0.9.1) from /Users/kamelury/.rvm/gems/ruby-2.1.0@gitarson-api/specifications/faraday_middleware-0.9.1.gemspec
I, [2014-09-08T23:30:44.079264 #22435]  INFO -- : 2:  gh (0.13.2) from /Users/kamelury/.rvm/gems/ruby-2.1.0@gitarson-api/specifications/gh-0.13.2.gemspec
I, [2014-09-08T23:30:44.333910 #22436]  INFO -- : 3:  ethon (0.7.1) from /Users/kamelury/.rvm/gems/ruby-2.1.0@gitarson-api/specifications/ethon-0.7.1.gemspec
I, [2014-09-08T23:30:45.555034 #22434]  INFO -- : 1:  typhoeus (0.6.9) from /Users/kamelury/.rvm/gems/ruby-2.1.0@gitarson-api/specifications/typhoeus-0.6.9.gemspec
I, [2014-09-08T23:30:47.125676 #22433]  INFO -- : 0:  travis (1.7.1) from /Users/kamelury/.rvm/gems/ruby-2.1.0@gitarson-api/specifications/travis-1.7.1.gemspec
